<!DOCTYPE html PUBLIC "-//W3C//DTD XHTML 1.1//EN" "http://www.w3.org/TR/xhtml11/DTD/xhtml11.dtd">
<html xmlns="http://www.w3.org/1999/xhtml"><head><title>TestNG Report</title><style type="text/css">table {margin-bottom:10px;border-collapse:collapse;empty-cells:show}th,td {border:1px solid #009;padding:.25em .5em}th {vertical-align:bottom}td {vertical-align:top}table a {font-weight:bold}.stripe td {background-color: #E6EBF9}.num {text-align:right}.passedodd td {background-color: #3F3}.passedeven td {background-color: #0A0}.skippedodd td {background-color: #DDD}.skippedeven td {background-color: #CCC}.failedodd td,.attn {background-color: #F33}.failedeven td,.stripe .attn {background-color: #D00}.stacktrace {white-space:pre;font-family:monospace}.totop {font-size:85%;text-align:center;border-bottom:2px solid #000}</style></head><body><table><tr><th>Test</th><th># Passed</th><th># Skipped</th><th># Failed</th><th>Time (ms)</th><th>Included Groups</th><th>Excluded Groups</th></tr><tr><th colspan="7">testSuitee</th></tr><tr><td><a href="#t0">Validating home page</a></td><td class="num">0</td><td class="num">0</td><td class="num attn">1</td><td class="num">9,442</td><td></td><td></td></tr></table><table id='summary'><thead><tr><th>Class</th><th>Method</th><th>Start</th><th>Time (ms)</th></tr></thead><tbody><tr><th colspan="4">testSuitee</th></tr></tbody><tbody id="t0"><tr><th colspan="4">Validating home page &#8212; failed (configuration methods)</th></tr><tr class="failedeven"><td rowspan="1">TestCases.TestLoginPage</td><td><a href="#m0">takeScreenShotOnFailure</a></td><td rowspan="1">1508473837805</td><td rowspan="1">150</td></tr><tr><th colspan="4">Validating home page &#8212; failed</th></tr><tr class="failedeven"><td rowspan="1">TestCases.TestLoginPage</td><td><a href="#m1">test_login_successful</a></td><td rowspan="1">1508473834731</td><td rowspan="1">3068</td></tr></tbody></table><h2>Validating home page</h2><h3 id="m0">TestCases.TestLoginPage#takeScreenShotOnFailure</h3><table class="result"><tr class="param"><th>Parameter #1</th></tr><tr class="param stripe"><td>[TestResult name=test_login_successful status=FAILURE method=TestLoginPage.test_login_successful()[pri:0, instance:TestCases.TestLoginPage@1506f20f] output={null}]</td></tr><tr><th>Exception</th></tr><tr><td><div class="stacktrace">java.io.FileNotFoundException: C:\screen.screens.jpg (Access is denied)
	at java.base/java.io.FileOutputStream.open0(Native Method)
	at java.base/java.io.FileOutputStream.open(FileOutputStream.java:276)
	at java.base/java.io.FileOutputStream.&lt;init&gt;(FileOutputStream.java:220)
	at java.base/java.io.FileOutputStream.&lt;init&gt;(FileOutputStream.java:170)
	at org.apache.commons.io.FileUtils.doCopyFile(FileUtils.java:1142)
	at org.apache.commons.io.FileUtils.copyFile(FileUtils.java:1088)
	at org.apache.commons.io.FileUtils.copyFile(FileUtils.java:1040)
	at TestCases.Functionality_test.takeScreenShotOnFailure(Functionality_test.java:73)
... Removed 27 stack frames</div></td></tr></table><p class="totop"><a href="#summary">back to summary</a></p><h3 id="m1">TestCases.TestLoginPage#test_login_successful</h3><table class="result"><tr><th>Exception</th></tr><tr><td><div class="stacktrace">java.lang.AssertionError: expected [true] but found [false]
	at TestCases.TestLoginPage.test_login_successful(TestLoginPage.java:47)
... Removed 29 stack frames</div></td></tr></table><p class="totop"><a href="#summary">back to summary</a></p></body></html>